<?xml version="1.0" encoding="UTF-8"?>
<testsuite name="tunes.GoodPracticesTestsStandardTune" tests="2" skipped="0" failures="0" errors="0" timestamp="2026-03-10T00:11:19" hostname="KATIEWAN" time="0.041">
  <properties/>
  <testcase name="testClassIsFinal" classname="tunes.GoodPracticesTestsStandardTune" time="0.002"/>
  <testcase name="testAllHelperMembersPrivate" classname="tunes.GoodPracticesTestsStandardTune" time="0.039"/>
  <system-out><![CDATA[]]></system-out>
  <system-err><![CDATA[]]></system-err>
</testsuite>
