<?xml version="1.0" encoding="UTF-8"?>
<testsuite name="tunes.Question5Tests" tests="3" skipped="0" failures="0" errors="0" timestamp="2026-03-10T00:11:19" hostname="KATIEWAN" time="0.646">
  <properties/>
  <testcase name="durationTest" classname="tunes.Question5Tests" time="0.02"/>
  <testcase name="safeIterationTest" classname="tunes.Question5Tests" time="0.001"/>
  <testcase name="concurrencyTest" classname="tunes.Question5Tests" time="0.625"/>
  <system-out><![CDATA[Repeat run 1
Repeat run 2
Repeat run 3
Repeat run 4
Repeat run 5
Repeat run 6
Repeat run 7
Repeat run 8
Repeat run 9
Repeat run 10
Repeat run 11
Repeat run 12
Repeat run 13
Repeat run 14
Repeat run 15
Repeat run 16
Repeat run 17
Repeat run 18
Repeat run 19
Repeat run 20
]]></system-out>
  <system-err><![CDATA[]]></system-err>
</testsuite>
