<?xml version="1.0" encoding="UTF-8"?>
<testsuite name="tunes.GoodPracticesTestsNote" tests="3" skipped="0" failures="0" errors="0" timestamp="2026-03-10T00:11:18" hostname="KATIEWAN" time="0.596">
  <properties/>
  <testcase name="testClassIsFinal" classname="tunes.GoodPracticesTestsNote" time="0.457"/>
  <testcase name="testAllMembersFinal" classname="tunes.GoodPracticesTestsNote" time="0.136"/>
  <testcase name="testAllHelperMembersPrivate" classname="tunes.GoodPracticesTestsNote" time="0.002"/>
  <system-out><![CDATA[]]></system-out>
  <system-err><![CDATA[]]></system-err>
</testsuite>
