<?xml version="1.0" encoding="UTF-8"?>
<testsuite name="tunes.Question6Tests" tests="4" skipped="0" failures="0" errors="0" timestamp="2026-03-10T00:11:20" hostname="KATIEWAN" time="0.003">
  <properties/>
  <testcase name="testLargeCollection" classname="tunes.Question6Tests" time="0.002"/>
  <testcase name="testGetTuneEmptyCollection" classname="tunes.Question6Tests" time="0.0"/>
  <testcase name="testSmallCollection" classname="tunes.Question6Tests" time="0.0"/>
  <testcase name="testEmptySongCollection" classname="tunes.Question6Tests" time="0.0"/>
  <system-out><![CDATA[]]></system-out>
  <system-err><![CDATA[]]></system-err>
</testsuite>
