<?xml version="1.0" encoding="UTF-8"?>
<testsuite name="tunes.Question2Tests" tests="7" skipped="0" failures="0" errors="0" timestamp="2026-03-10T00:11:19" hostname="KATIEWAN" time="0.007">
  <properties/>
  <testcase name="testAddNote" classname="tunes.Question2Tests" time="0.003"/>
  <testcase name="testEmptyIteration" classname="tunes.Question2Tests" time="0.001"/>
  <testcase name="testIteration" classname="tunes.Question2Tests" time="0.001"/>
  <testcase name="testGetTotalDuration1" classname="tunes.Question2Tests" time="0.0"/>
  <testcase name="testGetTotalDuration2" classname="tunes.Question2Tests" time="0.0"/>
  <testcase name="testGetTotalDuration3" classname="tunes.Question2Tests" time="0.0"/>
  <testcase name="testConstructor" classname="tunes.Question2Tests" time="0.0"/>
  <system-out><![CDATA[]]></system-out>
  <system-err><![CDATA[]]></system-err>
</testsuite>
