<?xml version="1.0" encoding="UTF-8"?>
<testsuite name="tunes.GoodPracticesTestsThreadSafeTune" tests="2" skipped="0" failures="0" errors="0" timestamp="2026-03-10T00:11:19" hostname="KATIEWAN" time="0.019">
  <properties/>
  <testcase name="testClassIsFinal" classname="tunes.GoodPracticesTestsThreadSafeTune" time="0.001"/>
  <testcase name="testAllHelperMembersPrivate" classname="tunes.GoodPracticesTestsThreadSafeTune" time="0.018"/>
  <system-out><![CDATA[]]></system-out>
  <system-err><![CDATA[]]></system-err>
</testsuite>
